
Showing logs for build [32mjoostvdg-environment-jx-aks-sta-kskk6-10[0m stage [32mfrom-build-pack[0m and container [32mstep-credential-initializer-llx97[0m
{"level":"warn","ts":1569841618.1551287,"logger":"fallback-logger","caller":"logging/config.go:69","msg":"Fetch GitHub commit ID from kodata failed: \"ref: refs/heads/master\" is not a valid GitHub commit ID"}
{"level":"info","ts":1569841618.155567,"logger":"fallback-logger","caller":"creds-init/main.go:40","msg":"Credentials initialized."}

Showing logs for build [32mjoostvdg-environment-jx-aks-sta-kskk6-10[0m stage [32mfrom-build-pack[0m and container [32mstep-working-dir-initializer-j8xlg[0m
{"level":"warn","ts":1569841623.272567,"logger":"fallback-logger","caller":"logging/config.go:69","msg":"Fetch GitHub commit ID from kodata failed: open /var/run/ko/HEAD: no such file or directory"}
{"level":"info","ts":1569841623.279282,"logger":"fallback-logger","caller":"bash/main.go:65","msg":"Successfully executed command \"mkdir -p /workspace/source /workspace/source/env\""}

Showing logs for build [32mjoostvdg-environment-jx-aks-sta-kskk6-10[0m stage [32mfrom-build-pack[0m and container [32mstep-place-tools[0m

Showing logs for build [32mjoostvdg-environment-jx-aks-sta-kskk6-10[0m stage [32mfrom-build-pack[0m and container [32mstep-git-source-joostvdg-environment-jx-aks-sta-wpknc[0m
{"level":"warn","ts":1569841941.1856554,"logger":"fallback-logger","caller":"logging/config.go:69","msg":"Fetch GitHub commit ID from kodata failed: \"ref: refs/heads/master\" is not a valid GitHub commit ID"}
{"level":"info","ts":1569841942.5191596,"logger":"fallback-logger","caller":"git/git.go:102","msg":"Successfully cloned https://github.com/********/environment-**-aks-staging.git @ v0.0.10 in path /workspace/source"}

Showing logs for build [32mjoostvdg-environment-jx-aks-sta-kskk6-10[0m stage [32mfrom-build-pack[0m and container [32mstep-git-merge[0m
Using SHAs from PULL_REFS=master:f8d94d2db85f43c088c3802223cba16067ad9f82
WARNING: no SHAs to merge, falling back to initial cloned commit

Showing logs for build [32mjoostvdg-environment-jx-aks-sta-kskk6-10[0m stage [32mfrom-build-pack[0m and container [32mstep-setup-jx-git-credentials[0m
Generated Git credentials file /builder/home/git/credentials

Showing logs for build [32mjoostvdg-environment-jx-aks-sta-kskk6-10[0m stage [32mfrom-build-pack[0m and container [32mstep-build-helm-apply[0m
Modified file /workspace/source/env/Chart.yaml to set the chart to version 10
error: failed to create the ** client: Get https://10.0.0.1:443/api/v1/namespaces/**: dial tcp 10.0.0.1:443: i/o timeout
[31m
Pipeline failed on stage 'from-build-pack' : container 'step-build-helm-apply'. The execution of the pipeline has stopped.[0m
